# JRE version: Java(TM) SE Runtime Environment (8.0_31-b13) (build 1.8.0_31-b13)
# Java VM: Java HotSpot(TM) 64-Bit Server VM (25.31-b07 mixed mode windows-amd64 compressed oops)
Heap:
 PSYoungGen      total 68608K, used 16514K [0x00000000d6f80000, 0x00000000db780000, 0x0000000100000000)
  eden space 63488K, 26% used [0x00000000d6f80000,0x00000000d7fa0a00,0x00000000dad80000)
  from space 5120K, 0% used [0x00000000db280000,0x00000000db280000,0x00000000db780000)
  to   space 5120K, 0% used [0x00000000dad80000,0x00000000dad80000,0x00000000db280000)
 ParOldGen       total 58368K, used 7071K [0x0000000084e00000, 0x0000000088700000, 0x00000000d6f80000)
  object space 58368K, 12% used [0x0000000084e00000,0x00000000854e7e50,0x0000000088700000)
 Metaspace       used 23837K, capacity 24050K, committed 24448K, reserved 1071104K
  class space    used 3623K, capacity 3680K, committed 3712K, reserved 1048576K
GC Heap History (6 events):
Event: 0.583 GC heap before
{Heap before GC invocations=1 (full 0):
 PSYoungGen      total 36864K, used 31744K [0x00000000d6f80000, 0x00000000d9880000, 0x0000000100000000)
  eden space 31744K, 100% used [0x00000000d6f80000,0x00000000d8e80000,0x00000000d8e80000)
  from space 5120K, 0% used [0x00000000d9380000,0x00000000d9380000,0x00000000d9880000)
  to   space 5120K, 0% used [0x00000000d8e80000,0x00000000d8e80000,0x00000000d9380000)
 ParOldGen       total 84992K, used 0K [0x0000000084e00000, 0x000000008a100000, 0x00000000d6f80000)
  object space 84992K, 0% used [0x0000000084e00000,0x0000000084e00000,0x000000008a100000)
 Metaspace       used 10191K, capacity 10280K, committed 10368K, reserved 1058816K
  class space    used 1571K, capacity 1620K, committed 1664K, reserved 1048576K
Event: 0.596 GC heap after
Heap after GC invocations=1 (full 0):
 PSYoungGen      total 36864K, used 5101K [0x00000000d6f80000, 0x00000000db780000, 0x0000000100000000)
  eden space 31744K, 0% used [0x00000000d6f80000,0x00000000d6f80000,0x00000000d8e80000)
  from space 5120K, 99% used [0x00000000d8e80000,0x00000000d937b550,0x00000000d9380000)
  to   space 5120K, 0% used [0x00000000db280000,0x00000000db280000,0x00000000db780000)
 ParOldGen       total 84992K, used 1370K [0x0000000084e00000, 0x000000008a100000, 0x00000000d6f80000)
  object space 84992K, 1% used [0x0000000084e00000,0x0000000084f56bd0,0x000000008a100000)
 Metaspace       used 10191K, capacity 10280K, committed 10368K, reserved 1058816K
  class space    used 1571K, capacity 1620K, committed 1664K, reserved 1048576K
}
Event: 1.076 GC heap before
{Heap before GC invocations=2 (full 0):
 PSYoungGen      total 36864K, used 32965K [0x00000000d6f80000, 0x00000000db780000, 0x0000000100000000)
  eden space 31744K, 87% used [0x00000000d6f80000,0x00000000d8ab6180,0x00000000d8e80000)
  from space 5120K, 99% used [0x00000000d8e80000,0x00000000d937b550,0x00000000d9380000)
  to   space 5120K, 0% used [0x00000000db280000,0x00000000db280000,0x00000000db780000)
 ParOldGen       total 84992K, used 1370K [0x0000000084e00000, 0x000000008a100000, 0x00000000d6f80000)
  object space 84992K, 1% used [0x0000000084e00000,0x0000000084f56bd0,0x000000008a100000)
 Metaspace       used 20893K, capacity 21000K, committed 21248K, reserved 1067008K
  class space    used 3231K, capacity 3279K, committed 3328K, reserved 1048576K
Event: 1.084 GC heap after
Heap after GC invocations=2 (full 0):
 PSYoungGen      total 68608K, used 5105K [0x00000000d6f80000, 0x00000000db780000, 0x0000000100000000)
  eden space 63488K, 0% used [0x00000000d6f80000,0x00000000d6f80000,0x00000000dad80000)
  from space 5120K, 99% used [0x00000000db280000,0x00000000db77c7e8,0x00000000db780000)
  to   space 5120K, 0% used [0x00000000dad80000,0x00000000dad80000,0x00000000db280000)
 ParOldGen       total 84992K, used 3658K [0x0000000084e00000, 0x000000008a100000, 0x00000000d6f80000)
  object space 84992K, 4% used [0x0000000084e00000,0x0000000085192b78,0x000000008a100000)
 Metaspace       used 20893K, capacity 21000K, committed 21248K, reserved 1067008K
  class space    used 3231K, capacity 3279K, committed 3328K, reserved 1048576K
}
Event: 1.084 GC heap before
{Heap before GC invocations=3 (full 1):
 PSYoungGen      total 68608K, used 5105K [0x00000000d6f80000, 0x00000000db780000, 0x0000000100000000)
  eden space 63488K, 0% used [0x00000000d6f80000,0x00000000d6f80000,0x00000000dad80000)
  from space 5120K, 99% used [0x00000000db280000,0x00000000db77c7e8,0x00000000db780000)
  to   space 5120K, 0% used [0x00000000dad80000,0x00000000dad80000,0x00000000db280000)
 ParOldGen       total 84992K, used 3658K [0x0000000084e00000, 0x000000008a100000, 0x00000000d6f80000)
  object space 84992K, 4% used [0x0000000084e00000,0x0000000085192b78,0x000000008a100000)
 Metaspace       used 20893K, capacity 21000K, committed 21248K, reserved 1067008K
  class space    used 3231K, capacity 3279K, committed 3328K, reserved 1048576K
Event: 1.107 GC heap after
Heap after GC invocations=3 (full 1):
 PSYoungGen      total 68608K, used 0K [0x00000000d6f80000, 0x00000000db780000, 0x0000000100000000)
  eden space 63488K, 0% used [0x00000000d6f80000,0x00000000d6f80000,0x00000000dad80000)
  from space 5120K, 0% used [0x00000000db280000,0x00000000db280000,0x00000000db780000)
  to   space 5120K, 0% used [0x00000000dad80000,0x00000000dad80000,0x00000000db280000)
 ParOldGen       total 58368K, used 7071K [0x0000000084e00000, 0x0000000088700000, 0x00000000d6f80000)
  object space 58368K, 12% used [0x0000000084e00000,0x00000000854e7e50,0x0000000088700000)
 Metaspace       used 20891K, capacity 20998K, committed 21248K, reserved 1067008K
  class space    used 3230K, capacity 3278K, committed 3328K, reserved 1048576K
}

